<?xml version="1.0" encoding="UTF-8"?>
<!-- Generated by org.testng.reporters.JUnitReportReporter -->
<testsuite hostname="DESKTOP-LO80NQO" failures="0" tests="1" name="com.tests.MyAccount_TC001" time="23.690" errors="0" timestamp="2025-03-16T09:32:22 CST" skipped="0">
  <testcase classname="com.tests.MyAccount_TC001" name="testMyAccount_TC001" time="23.690"/>
  <system-out/>
</testsuite> <!-- com.tests.MyAccount_TC001 -->
