<?xml version="1.0" encoding="UTF-8"?>
<!-- Generated by org.testng.reporters.JUnitReportReporter -->
<testsuite hostname="DESKTOP-LO80NQO" failures="0" tests="2" name="com.tests.Login_TC001" time="21.217" errors="0" timestamp="2025-03-16T09:32:22 CST" skipped="0">
  <testcase classname="com.tests.Login_TC001" name="testValid_Login_TC001" time="11.677"/>
  <system-out/>
  <testcase classname="com.tests.Login_TC001" name="testInValid_Login_TC002" time="9.540"/>
  <system-out/>
</testsuite> <!-- com.tests.Login_TC001 -->
