<?xml version="1.0" encoding="UTF-8"?>
<!-- Generated by org.testng.reporters.JUnitReportReporter -->
<testsuite hostname="DESKTOP-LO80NQO" failures="0" tests="1" name="com.tests.Valid_Login_TC001" time="11.991" errors="0" timestamp="2025-02-22T15:16:55 CST" skipped="0">
  <testcase classname="com.tests.Valid_Login_TC001" name="testValid_Login_TC001" time="11.991"/>
  <system-out/>
</testsuite> <!-- com.tests.Valid_Login_TC001 -->
